2020-06-13 15:46:25,957 INFO com.animerepo.AnimerepoApplication [main] Starting AnimerepoApplication on Kiran-Laptop with PID 5748 (C:\Users\kiran\Documents\GitHub\AnimeRepoBackEnd\target\classes started by kiran in C:\Users\kiran\Documents\GitHub\AnimeRepoBackEnd)
2020-06-13 15:46:25,969 INFO com.animerepo.AnimerepoApplication [main] No active profile set, falling back to default profiles: default
2020-06-13 15:46:26,816 INFO org.springframework.data.repository.config.RepositoryConfigurationDelegate [main] Bootstrapping Spring Data MongoDB repositories in DEFAULT mode.
2020-06-13 15:46:26,910 INFO org.springframework.data.repository.config.RepositoryConfigurationDelegate [main] Finished Spring Data repository scanning in 85ms. Found 1 MongoDB repository interfaces.
2020-06-13 15:46:27,580 INFO org.springframework.boot.web.embedded.tomcat.TomcatWebServer [main] Tomcat initialized with port(s): 8080 (http)
2020-06-13 15:46:27,590 INFO org.apache.coyote.http11.Http11NioProtocol [main] Initializing ProtocolHandler ["http-nio-8080"]
2020-06-13 15:46:27,591 INFO org.apache.catalina.core.StandardService [main] Starting service [Tomcat]
2020-06-13 15:46:27,591 INFO org.apache.catalina.core.StandardEngine [main] Starting Servlet engine: [Apache Tomcat/9.0.31]
2020-06-13 15:46:27,702 INFO org.apache.catalina.core.ContainerBase.[Tomcat].[localhost].[/] [main] Initializing Spring embedded WebApplicationContext
2020-06-13 15:46:27,702 INFO org.springframework.web.context.ContextLoader [main] Root WebApplicationContext: initialization completed in 1640 ms
2020-06-13 15:46:29,343 INFO org.mongodb.driver.cluster [main] Cluster created with settings {hosts=[127.0.0.1:27017], srvHost=animelist-pczil.mongodb.net, mode=MULTIPLE, requiredClusterType=REPLICA_SET, serverSelectionTimeout='30000 ms', maxWaitQueueSize=500, requiredReplicaSetName='AnimeList-shard-0'}
2020-06-13 15:46:29,688 WARN org.springframework.data.mongodb.core.index.MongoPersistentEntityIndexCreator [main] Automatic index creation will be disabled by default as of Spring Data MongoDB 3.x.
	Please use 'MongoMappingContext#setAutoIndexCreation(boolean)' or override 'MongoConfigurationSupport#autoIndexCreation()' to be explicit.
	However, we recommend setting up indices manually in an application ready block. You may use index derivation there as well.

	> -----------------------------------------------------------------------------------------
	> @EventListener(ApplicationReadyEvent.class)
	> public void initIndicesAfterStartup() {
	>
	>     IndexOperations indexOps = mongoTemplate.indexOps(DomainType.class);
	>
	>     IndexResolver resolver = new MongoPersistentEntityIndexResolver(mongoMappingContext);
	>     resolver.resolveIndexFor(DomainType.class).forEach(indexOps::ensureIndex);
	> }
	> -----------------------------------------------------------------------------------------

2020-06-13 15:46:29,729 INFO org.mongodb.driver.cluster [main] Cluster description not yet available. Waiting for 30000 ms before timing out
2020-06-13 15:46:30,383 INFO org.mongodb.driver.cluster [cluster-ClusterId{value='5ee4a77d2c24d8415dc297da', description='null'}-srv-animelist-pczil.mongodb.net] Adding discovered server animelist-shard-00-01-pczil.mongodb.net:27017 to client view of cluster
2020-06-13 15:46:30,424 INFO org.mongodb.driver.cluster [cluster-ClusterId{value='5ee4a77d2c24d8415dc297da', description='null'}-srv-animelist-pczil.mongodb.net] Adding discovered server animelist-shard-00-00-pczil.mongodb.net:27017 to client view of cluster
2020-06-13 15:46:30,425 INFO org.mongodb.driver.cluster [cluster-ClusterId{value='5ee4a77d2c24d8415dc297da', description='null'}-srv-animelist-pczil.mongodb.net] Adding discovered server animelist-shard-00-02-pczil.mongodb.net:27017 to client view of cluster
2020-06-13 15:46:30,430 INFO org.mongodb.driver.cluster [main] No server chosen by com.mongodb.client.internal.MongoClientDelegate$1@21422231 from cluster description ClusterDescription{type=REPLICA_SET, connectionMode=MULTIPLE, serverDescriptions=[ServerDescription{address=animelist-shard-00-01-pczil.mongodb.net:27017, type=UNKNOWN, state=CONNECTING}, ServerDescription{address=animelist-shard-00-00-pczil.mongodb.net:27017, type=UNKNOWN, state=CONNECTING}, ServerDescription{address=animelist-shard-00-02-pczil.mongodb.net:27017, type=UNKNOWN, state=CONNECTING}]}. Waiting for 30000 ms before timing out
2020-06-13 15:46:31,716 INFO org.mongodb.driver.connection [cluster-ClusterId{value='5ee4a77d2c24d8415dc297da', description='null'}-animelist-shard-00-01-pczil.mongodb.net:27017] Opened connection [connectionId{localValue:3, serverValue:131097}] to animelist-shard-00-01-pczil.mongodb.net:27017
2020-06-13 15:46:31,776 INFO org.mongodb.driver.connection [cluster-ClusterId{value='5ee4a77d2c24d8415dc297da', description='null'}-animelist-shard-00-02-pczil.mongodb.net:27017] Opened connection [connectionId{localValue:2, serverValue:164883}] to animelist-shard-00-02-pczil.mongodb.net:27017
2020-06-13 15:46:31,845 INFO org.mongodb.driver.connection [cluster-ClusterId{value='5ee4a77d2c24d8415dc297da', description='null'}-animelist-shard-00-00-pczil.mongodb.net:27017] Opened connection [connectionId{localValue:1, serverValue:130782}] to animelist-shard-00-00-pczil.mongodb.net:27017
2020-06-13 15:46:31,936 INFO org.mongodb.driver.cluster [cluster-ClusterId{value='5ee4a77d2c24d8415dc297da', description='null'}-animelist-shard-00-01-pczil.mongodb.net:27017] Monitor thread successfully connected to server with description ServerDescription{address=animelist-shard-00-01-pczil.mongodb.net:27017, type=REPLICA_SET_SECONDARY, state=CONNECTED, ok=true, version=ServerVersion{versionList=[4, 2, 6]}, minWireVersion=0, maxWireVersion=8, maxDocumentSize=16777216, logicalSessionTimeoutMinutes=30, roundTripTimeNanos=218408300, setName='AnimeList-shard-0', canonicalAddress=animelist-shard-00-01-pczil.mongodb.net:27017, hosts=[animelist-shard-00-01-pczil.mongodb.net:27017, animelist-shard-00-00-pczil.mongodb.net:27017, animelist-shard-00-02-pczil.mongodb.net:27017], passives=[], arbiters=[], primary='animelist-shard-00-02-pczil.mongodb.net:27017', tagSet=TagSet{[Tag{name='nodeType', value='ELECTABLE'}, Tag{name='provider', value='AWS'}, Tag{name='region', value='US_EAST_1'}]}, electionId=null, setVersion=3, lastWriteDate=Sat Jun 13 15:46:23 IST 2020, lastUpdateTimeNanos=249973870937900}
2020-06-13 15:46:31,962 INFO org.mongodb.driver.cluster [main] No server chosen by WritableServerSelector from cluster description ClusterDescription{type=REPLICA_SET, connectionMode=MULTIPLE, serverDescriptions=[ServerDescription{address=animelist-shard-00-01-pczil.mongodb.net:27017, type=REPLICA_SET_SECONDARY, state=CONNECTED, ok=true, version=ServerVersion{versionList=[4, 2, 6]}, minWireVersion=0, maxWireVersion=8, maxDocumentSize=16777216, logicalSessionTimeoutMinutes=30, roundTripTimeNanos=218408300, setName='AnimeList-shard-0', canonicalAddress=animelist-shard-00-01-pczil.mongodb.net:27017, hosts=[animelist-shard-00-01-pczil.mongodb.net:27017, animelist-shard-00-00-pczil.mongodb.net:27017, animelist-shard-00-02-pczil.mongodb.net:27017], passives=[], arbiters=[], primary='animelist-shard-00-02-pczil.mongodb.net:27017', tagSet=TagSet{[Tag{name='nodeType', value='ELECTABLE'}, Tag{name='provider', value='AWS'}, Tag{name='region', value='US_EAST_1'}]}, electionId=null, setVersion=3, lastWriteDate=Sat Jun 13 15:46:23 IST 2020, lastUpdateTimeNanos=249973870937900}, ServerDescription{address=animelist-shard-00-00-pczil.mongodb.net:27017, type=UNKNOWN, state=CONNECTING}, ServerDescription{address=animelist-shard-00-02-pczil.mongodb.net:27017, type=UNKNOWN, state=CONNECTING}]}. Waiting for 30000 ms before timing out
2020-06-13 15:46:32,018 INFO org.mongodb.driver.cluster [cluster-ClusterId{value='5ee4a77d2c24d8415dc297da', description='null'}-animelist-shard-00-02-pczil.mongodb.net:27017] Monitor thread successfully connected to server with description ServerDescription{address=animelist-shard-00-02-pczil.mongodb.net:27017, type=REPLICA_SET_PRIMARY, state=CONNECTED, ok=true, version=ServerVersion{versionList=[4, 2, 6]}, minWireVersion=0, maxWireVersion=8, maxDocumentSize=16777216, logicalSessionTimeoutMinutes=30, roundTripTimeNanos=241089300, setName='AnimeList-shard-0', canonicalAddress=animelist-shard-00-02-pczil.mongodb.net:27017, hosts=[animelist-shard-00-01-pczil.mongodb.net:27017, animelist-shard-00-00-pczil.mongodb.net:27017, animelist-shard-00-02-pczil.mongodb.net:27017], passives=[], arbiters=[], primary='animelist-shard-00-02-pczil.mongodb.net:27017', tagSet=TagSet{[Tag{name='nodeType', value='ELECTABLE'}, Tag{name='provider', value='AWS'}, Tag{name='region', value='US_EAST_1'}]}, electionId=7fffffff0000000000000008, setVersion=3, lastWriteDate=Sat Jun 13 15:46:23 IST 2020, lastUpdateTimeNanos=249973953155300}
2020-06-13 15:46:32,019 INFO org.mongodb.driver.cluster [cluster-ClusterId{value='5ee4a77d2c24d8415dc297da', description='null'}-animelist-shard-00-02-pczil.mongodb.net:27017] Setting max election id to 7fffffff0000000000000008 from replica set primary animelist-shard-00-02-pczil.mongodb.net:27017
2020-06-13 15:46:32,019 INFO org.mongodb.driver.cluster [cluster-ClusterId{value='5ee4a77d2c24d8415dc297da', description='null'}-animelist-shard-00-02-pczil.mongodb.net:27017] Setting max set version to 3 from replica set primary animelist-shard-00-02-pczil.mongodb.net:27017
2020-06-13 15:46:32,019 INFO org.mongodb.driver.cluster [cluster-ClusterId{value='5ee4a77d2c24d8415dc297da', description='null'}-animelist-shard-00-02-pczil.mongodb.net:27017] Discovered replica set primary animelist-shard-00-02-pczil.mongodb.net:27017
2020-06-13 15:46:32,108 INFO org.mongodb.driver.cluster [cluster-ClusterId{value='5ee4a77d2c24d8415dc297da', description='null'}-animelist-shard-00-00-pczil.mongodb.net:27017] Monitor thread successfully connected to server with description ServerDescription{address=animelist-shard-00-00-pczil.mongodb.net:27017, type=REPLICA_SET_SECONDARY, state=CONNECTED, ok=true, version=ServerVersion{versionList=[4, 2, 6]}, minWireVersion=0, maxWireVersion=8, maxDocumentSize=16777216, logicalSessionTimeoutMinutes=30, roundTripTimeNanos=262128300, setName='AnimeList-shard-0', canonicalAddress=animelist-shard-00-00-pczil.mongodb.net:27017, hosts=[animelist-shard-00-01-pczil.mongodb.net:27017, animelist-shard-00-00-pczil.mongodb.net:27017, animelist-shard-00-02-pczil.mongodb.net:27017], passives=[], arbiters=[], primary='animelist-shard-00-02-pczil.mongodb.net:27017', tagSet=TagSet{[Tag{name='nodeType', value='ELECTABLE'}, Tag{name='provider', value='AWS'}, Tag{name='region', value='US_EAST_1'}]}, electionId=null, setVersion=3, lastWriteDate=Sat Jun 13 15:46:23 IST 2020, lastUpdateTimeNanos=249974042417900}
2020-06-13 15:46:33,882 INFO org.mongodb.driver.connection [main] Opened connection [connectionId{localValue:4, serverValue:164883}] to animelist-shard-00-02-pczil.mongodb.net:27017
2020-06-13 15:46:34,426 INFO org.springframework.scheduling.concurrent.ThreadPoolTaskExecutor [main] Initializing ExecutorService 'applicationTaskExecutor'
2020-06-13 15:46:34,687 INFO org.apache.coyote.http11.Http11NioProtocol [main] Starting ProtocolHandler ["http-nio-8080"]
2020-06-13 15:46:34,728 INFO org.springframework.boot.web.embedded.tomcat.TomcatWebServer [main] Tomcat started on port(s): 8080 (http) with context path ''
2020-06-13 15:46:34,731 INFO com.animerepo.AnimerepoApplication [main] Started AnimerepoApplication in 9.292 seconds (JVM running for 11.587)
2020-06-13 15:46:46,810 INFO org.apache.catalina.core.ContainerBase.[Tomcat].[localhost].[/] [http-nio-8080-exec-1] Initializing Spring DispatcherServlet 'dispatcherServlet'
2020-06-13 15:46:46,811 INFO org.springframework.web.servlet.DispatcherServlet [http-nio-8080-exec-1] Initializing Servlet 'dispatcherServlet'
2020-06-13 15:46:46,819 INFO org.springframework.web.servlet.DispatcherServlet [http-nio-8080-exec-1] Completed initialization in 8 ms
2020-06-13 15:47:10,002 WARN org.springframework.web.servlet.mvc.support.DefaultHandlerExceptionResolver [http-nio-8080-exec-6] Resolved [org.springframework.web.HttpRequestMethodNotSupportedException: Request method 'GET' not supported]
2020-06-13 16:11:11,998 INFO org.springframework.boot.admin.SpringApplicationAdminMXBeanRegistrar$SpringApplicationAdmin [RMI TCP Connection(30)-127.0.0.1] Application shutdown requested.
2020-06-13 16:11:12,001 INFO org.springframework.scheduling.concurrent.ThreadPoolTaskExecutor [RMI TCP Connection(30)-127.0.0.1] Shutting down ExecutorService 'applicationTaskExecutor'
2020-06-13 16:11:12,223 INFO org.mongodb.driver.connection [RMI TCP Connection(30)-127.0.0.1] Closed connection [connectionId{localValue:4, serverValue:164883}] to animelist-shard-00-02-pczil.mongodb.net:27017 because the pool has been closed.
2020-06-13 16:11:16,968 INFO com.animerepo.AnimerepoApplication [main] Starting AnimerepoApplication on Kiran-Laptop with PID 6288 (C:\Users\kiran\Documents\GitHub\AnimeRepoBackEnd\target\classes started by kiran in C:\Users\kiran\Documents\GitHub\AnimeRepoBackEnd)
2020-06-13 16:11:16,971 INFO com.animerepo.AnimerepoApplication [main] No active profile set, falling back to default profiles: default
2020-06-13 16:11:17,512 INFO org.springframework.data.repository.config.RepositoryConfigurationDelegate [main] Bootstrapping Spring Data MongoDB repositories in DEFAULT mode.
2020-06-13 16:11:17,565 INFO org.springframework.data.repository.config.RepositoryConfigurationDelegate [main] Finished Spring Data repository scanning in 49ms. Found 1 MongoDB repository interfaces.
2020-06-13 16:11:18,029 INFO org.springframework.boot.web.embedded.tomcat.TomcatWebServer [main] Tomcat initialized with port(s): 8080 (http)
2020-06-13 16:11:18,044 INFO org.apache.coyote.http11.Http11NioProtocol [main] Initializing ProtocolHandler ["http-nio-8080"]
2020-06-13 16:11:18,045 INFO org.apache.catalina.core.StandardService [main] Starting service [Tomcat]
2020-06-13 16:11:18,045 INFO org.apache.catalina.core.StandardEngine [main] Starting Servlet engine: [Apache Tomcat/9.0.31]
2020-06-13 16:11:18,167 INFO org.apache.catalina.core.ContainerBase.[Tomcat].[localhost].[/] [main] Initializing Spring embedded WebApplicationContext
2020-06-13 16:11:18,167 INFO org.springframework.web.context.ContextLoader [main] Root WebApplicationContext: initialization completed in 1154 ms
2020-06-13 16:11:19,763 INFO org.mongodb.driver.cluster [main] Cluster created with settings {hosts=[127.0.0.1:27017], srvHost=animelist-pczil.mongodb.net, mode=MULTIPLE, requiredClusterType=REPLICA_SET, serverSelectionTimeout='30000 ms', maxWaitQueueSize=500, requiredReplicaSetName='AnimeList-shard-0'}
2020-06-13 16:11:20,081 WARN org.springframework.data.mongodb.core.index.MongoPersistentEntityIndexCreator [main] Automatic index creation will be disabled by default as of Spring Data MongoDB 3.x.
	Please use 'MongoMappingContext#setAutoIndexCreation(boolean)' or override 'MongoConfigurationSupport#autoIndexCreation()' to be explicit.
	However, we recommend setting up indices manually in an application ready block. You may use index derivation there as well.

	> -----------------------------------------------------------------------------------------
	> @EventListener(ApplicationReadyEvent.class)
	> public void initIndicesAfterStartup() {
	>
	>     IndexOperations indexOps = mongoTemplate.indexOps(DomainType.class);
	>
	>     IndexResolver resolver = new MongoPersistentEntityIndexResolver(mongoMappingContext);
	>     resolver.resolveIndexFor(DomainType.class).forEach(indexOps::ensureIndex);
	> }
	> -----------------------------------------------------------------------------------------

2020-06-13 16:11:20,110 INFO org.mongodb.driver.cluster [main] Cluster description not yet available. Waiting for 30000 ms before timing out
2020-06-13 16:11:20,809 INFO org.mongodb.driver.cluster [cluster-ClusterId{value='5ee4ad4f53392d02e610c6bd', description='null'}-srv-animelist-pczil.mongodb.net] Adding discovered server animelist-shard-00-01-pczil.mongodb.net:27017 to client view of cluster
2020-06-13 16:11:20,851 INFO org.mongodb.driver.cluster [cluster-ClusterId{value='5ee4ad4f53392d02e610c6bd', description='null'}-srv-animelist-pczil.mongodb.net] Adding discovered server animelist-shard-00-00-pczil.mongodb.net:27017 to client view of cluster
2020-06-13 16:11:20,852 INFO org.mongodb.driver.cluster [cluster-ClusterId{value='5ee4ad4f53392d02e610c6bd', description='null'}-srv-animelist-pczil.mongodb.net] Adding discovered server animelist-shard-00-02-pczil.mongodb.net:27017 to client view of cluster
2020-06-13 16:11:20,858 INFO org.mongodb.driver.cluster [main] No server chosen by com.mongodb.client.internal.MongoClientDelegate$1@b10a26d from cluster description ClusterDescription{type=REPLICA_SET, connectionMode=MULTIPLE, serverDescriptions=[ServerDescription{address=animelist-shard-00-01-pczil.mongodb.net:27017, type=UNKNOWN, state=CONNECTING}, ServerDescription{address=animelist-shard-00-00-pczil.mongodb.net:27017, type=UNKNOWN, state=CONNECTING}, ServerDescription{address=animelist-shard-00-02-pczil.mongodb.net:27017, type=UNKNOWN, state=CONNECTING}]}. Waiting for 30000 ms before timing out
2020-06-13 16:11:22,259 INFO org.mongodb.driver.connection [cluster-ClusterId{value='5ee4ad4f53392d02e610c6bd', description='null'}-animelist-shard-00-01-pczil.mongodb.net:27017] Opened connection [connectionId{localValue:2, serverValue:133316}] to animelist-shard-00-01-pczil.mongodb.net:27017
2020-06-13 16:11:22,259 INFO org.mongodb.driver.connection [cluster-ClusterId{value='5ee4ad4f53392d02e610c6bd', description='null'}-animelist-shard-00-00-pczil.mongodb.net:27017] Opened connection [connectionId{localValue:3, serverValue:135994}] to animelist-shard-00-00-pczil.mongodb.net:27017
2020-06-13 16:11:22,263 INFO org.mongodb.driver.connection [cluster-ClusterId{value='5ee4ad4f53392d02e610c6bd', description='null'}-animelist-shard-00-02-pczil.mongodb.net:27017] Opened connection [connectionId{localValue:1, serverValue:168669}] to animelist-shard-00-02-pczil.mongodb.net:27017
2020-06-13 16:11:22,499 INFO org.mongodb.driver.cluster [cluster-ClusterId{value='5ee4ad4f53392d02e610c6bd', description='null'}-animelist-shard-00-01-pczil.mongodb.net:27017] Monitor thread successfully connected to server with description ServerDescription{address=animelist-shard-00-01-pczil.mongodb.net:27017, type=REPLICA_SET_SECONDARY, state=CONNECTED, ok=true, version=ServerVersion{versionList=[4, 2, 6]}, minWireVersion=0, maxWireVersion=8, maxDocumentSize=16777216, logicalSessionTimeoutMinutes=30, roundTripTimeNanos=239278400, setName='AnimeList-shard-0', canonicalAddress=animelist-shard-00-01-pczil.mongodb.net:27017, hosts=[animelist-shard-00-01-pczil.mongodb.net:27017, animelist-shard-00-00-pczil.mongodb.net:27017, animelist-shard-00-02-pczil.mongodb.net:27017], passives=[], arbiters=[], primary='animelist-shard-00-02-pczil.mongodb.net:27017', tagSet=TagSet{[Tag{name='nodeType', value='ELECTABLE'}, Tag{name='provider', value='AWS'}, Tag{name='region', value='US_EAST_1'}]}, electionId=null, setVersion=3, lastWriteDate=Sat Jun 13 16:11:13 IST 2020, lastUpdateTimeNanos=251464433912400}
2020-06-13 16:11:22,499 INFO org.mongodb.driver.cluster [cluster-ClusterId{value='5ee4ad4f53392d02e610c6bd', description='null'}-animelist-shard-00-00-pczil.mongodb.net:27017] Monitor thread successfully connected to server with description ServerDescription{address=animelist-shard-00-00-pczil.mongodb.net:27017, type=REPLICA_SET_SECONDARY, state=CONNECTED, ok=true, version=ServerVersion{versionList=[4, 2, 6]}, minWireVersion=0, maxWireVersion=8, maxDocumentSize=16777216, logicalSessionTimeoutMinutes=30, roundTripTimeNanos=237515000, setName='AnimeList-shard-0', canonicalAddress=animelist-shard-00-00-pczil.mongodb.net:27017, hosts=[animelist-shard-00-01-pczil.mongodb.net:27017, animelist-shard-00-00-pczil.mongodb.net:27017, animelist-shard-00-02-pczil.mongodb.net:27017], passives=[], arbiters=[], primary='animelist-shard-00-02-pczil.mongodb.net:27017', tagSet=TagSet{[Tag{name='nodeType', value='ELECTABLE'}, Tag{name='provider', value='AWS'}, Tag{name='region', value='US_EAST_1'}]}, electionId=null, setVersion=3, lastWriteDate=Sat Jun 13 16:11:13 IST 2020, lastUpdateTimeNanos=251464432824500}
2020-06-13 16:11:22,505 INFO org.mongodb.driver.cluster [cluster-ClusterId{value='5ee4ad4f53392d02e610c6bd', description='null'}-animelist-shard-00-02-pczil.mongodb.net:27017] Monitor thread successfully connected to server with description ServerDescription{address=animelist-shard-00-02-pczil.mongodb.net:27017, type=REPLICA_SET_PRIMARY, state=CONNECTED, ok=true, version=ServerVersion{versionList=[4, 2, 6]}, minWireVersion=0, maxWireVersion=8, maxDocumentSize=16777216, logicalSessionTimeoutMinutes=30, roundTripTimeNanos=240647900, setName='AnimeList-shard-0', canonicalAddress=animelist-shard-00-02-pczil.mongodb.net:27017, hosts=[animelist-shard-00-01-pczil.mongodb.net:27017, animelist-shard-00-00-pczil.mongodb.net:27017, animelist-shard-00-02-pczil.mongodb.net:27017], passives=[], arbiters=[], primary='animelist-shard-00-02-pczil.mongodb.net:27017', tagSet=TagSet{[Tag{name='nodeType', value='ELECTABLE'}, Tag{name='provider', value='AWS'}, Tag{name='region', value='US_EAST_1'}]}, electionId=7fffffff0000000000000008, setVersion=3, lastWriteDate=Sat Jun 13 16:11:13 IST 2020, lastUpdateTimeNanos=251464439625300}
2020-06-13 16:11:22,505 INFO org.mongodb.driver.cluster [cluster-ClusterId{value='5ee4ad4f53392d02e610c6bd', description='null'}-animelist-shard-00-02-pczil.mongodb.net:27017] Setting max election id to 7fffffff0000000000000008 from replica set primary animelist-shard-00-02-pczil.mongodb.net:27017
2020-06-13 16:11:22,505 INFO org.mongodb.driver.cluster [cluster-ClusterId{value='5ee4ad4f53392d02e610c6bd', description='null'}-animelist-shard-00-02-pczil.mongodb.net:27017] Setting max set version to 3 from replica set primary animelist-shard-00-02-pczil.mongodb.net:27017
2020-06-13 16:11:22,505 INFO org.mongodb.driver.cluster [cluster-ClusterId{value='5ee4ad4f53392d02e610c6bd', description='null'}-animelist-shard-00-02-pczil.mongodb.net:27017] Discovered replica set primary animelist-shard-00-02-pczil.mongodb.net:27017
2020-06-13 16:11:24,476 INFO org.mongodb.driver.connection [main] Opened connection [connectionId{localValue:4, serverValue:168669}] to animelist-shard-00-02-pczil.mongodb.net:27017
2020-06-13 16:11:25,114 INFO org.springframework.scheduling.concurrent.ThreadPoolTaskExecutor [main] Initializing ExecutorService 'applicationTaskExecutor'
2020-06-13 16:11:25,417 INFO org.apache.coyote.http11.Http11NioProtocol [main] Starting ProtocolHandler ["http-nio-8080"]
2020-06-13 16:11:25,446 INFO org.springframework.boot.web.embedded.tomcat.TomcatWebServer [main] Tomcat started on port(s): 8080 (http) with context path ''
2020-06-13 16:11:25,449 INFO com.animerepo.AnimerepoApplication [main] Started AnimerepoApplication in 8.892 seconds (JVM running for 10.225)
2020-06-13 16:13:52,113 INFO org.apache.catalina.core.ContainerBase.[Tomcat].[localhost].[/] [http-nio-8080-exec-1] Initializing Spring DispatcherServlet 'dispatcherServlet'
2020-06-13 16:13:52,113 INFO org.springframework.web.servlet.DispatcherServlet [http-nio-8080-exec-1] Initializing Servlet 'dispatcherServlet'
2020-06-13 16:13:52,122 INFO org.springframework.web.servlet.DispatcherServlet [http-nio-8080-exec-1] Completed initialization in 9 ms
2020-06-13 16:14:27,428 INFO org.mongodb.driver.connection [http-nio-8080-exec-4] Closed connection [connectionId{localValue:4, serverValue:168669}] to animelist-shard-00-02-pczil.mongodb.net:27017 because there was a socket exception raised on another connection from this pool.
2020-06-13 16:14:27,810 INFO org.mongodb.driver.connection [cluster-ClusterId{value='5ee4ad4f53392d02e610c6bd', description='null'}-animelist-shard-00-00-pczil.mongodb.net:27017] Opened connection [connectionId{localValue:5, serverValue:135992}] to animelist-shard-00-00-pczil.mongodb.net:27017
2020-06-13 16:14:28,020 INFO org.mongodb.driver.connection [cluster-ClusterId{value='5ee4ad4f53392d02e610c6bd', description='null'}-animelist-shard-00-02-pczil.mongodb.net:27017] Opened connection [connectionId{localValue:7, serverValue:166472}] to animelist-shard-00-02-pczil.mongodb.net:27017
2020-06-13 16:14:28,089 INFO org.mongodb.driver.connection [cluster-ClusterId{value='5ee4ad4f53392d02e610c6bd', description='null'}-animelist-shard-00-01-pczil.mongodb.net:27017] Opened connection [connectionId{localValue:6, serverValue:135099}] to animelist-shard-00-01-pczil.mongodb.net:27017
2020-06-13 16:14:29,222 INFO org.mongodb.driver.connection [http-nio-8080-exec-4] Opened connection [connectionId{localValue:8, serverValue:166472}] to animelist-shard-00-02-pczil.mongodb.net:27017
2020-06-13 17:01:36,827 WARN org.springframework.web.servlet.mvc.support.DefaultHandlerExceptionResolver [http-nio-8080-exec-2] Resolved [org.springframework.http.converter.HttpMessageNotReadableException: Invalid JSON input: Cannot construct instance of `com.animerepo.model.Provider` (although at least one Creator exists): no String-argument constructor/factory method to deserialize from String value ('https://www.netflix.com/in/title/80182123'); nested exception is com.fasterxml.jackson.databind.exc.MismatchedInputException: Cannot construct instance of `com.animerepo.model.Provider` (although at least one Creator exists): no String-argument constructor/factory method to deserialize from String value ('https://www.netflix.com/in/title/80182123')
 at [Source: (PushbackInputStream); line: 1, column: 491] (through reference chain: com.animerepo.model.Anime["whereToWatch"]->java.util.ArrayList[0])]
2020-06-13 17:02:26,641 INFO org.springframework.boot.admin.SpringApplicationAdminMXBeanRegistrar$SpringApplicationAdmin [RMI TCP Connection(56)-127.0.0.1] Application shutdown requested.
2020-06-13 17:02:26,664 INFO org.springframework.scheduling.concurrent.ThreadPoolTaskExecutor [RMI TCP Connection(56)-127.0.0.1] Shutting down ExecutorService 'applicationTaskExecutor'
2020-06-13 17:02:26,933 INFO org.mongodb.driver.connection [RMI TCP Connection(56)-127.0.0.1] Closed connection [connectionId{localValue:8, serverValue:166472}] to animelist-shard-00-02-pczil.mongodb.net:27017 because the pool has been closed.
2020-06-13 17:02:30,919 INFO com.animerepo.AnimerepoApplication [main] Starting AnimerepoApplication on Kiran-Laptop with PID 5692 (C:\Users\kiran\Documents\GitHub\AnimeRepoBackEnd\target\classes started by kiran in C:\Users\kiran\Documents\GitHub\AnimeRepoBackEnd)
2020-06-13 17:02:30,921 INFO com.animerepo.AnimerepoApplication [main] No active profile set, falling back to default profiles: default
2020-06-13 17:02:31,403 INFO org.springframework.data.repository.config.RepositoryConfigurationDelegate [main] Bootstrapping Spring Data MongoDB repositories in DEFAULT mode.
2020-06-13 17:02:31,448 INFO org.springframework.data.repository.config.RepositoryConfigurationDelegate [main] Finished Spring Data repository scanning in 41ms. Found 1 MongoDB repository interfaces.
2020-06-13 17:02:31,765 INFO org.springframework.boot.web.embedded.tomcat.TomcatWebServer [main] Tomcat initialized with port(s): 8080 (http)
2020-06-13 17:02:31,772 INFO org.apache.coyote.http11.Http11NioProtocol [main] Initializing ProtocolHandler ["http-nio-8080"]
2020-06-13 17:02:31,773 INFO org.apache.catalina.core.StandardService [main] Starting service [Tomcat]
2020-06-13 17:02:31,773 INFO org.apache.catalina.core.StandardEngine [main] Starting Servlet engine: [Apache Tomcat/9.0.31]
2020-06-13 17:02:31,837 INFO org.apache.catalina.core.ContainerBase.[Tomcat].[localhost].[/] [main] Initializing Spring embedded WebApplicationContext
2020-06-13 17:02:31,837 INFO org.springframework.web.context.ContextLoader [main] Root WebApplicationContext: initialization completed in 871 ms
2020-06-13 17:02:33,338 INFO org.mongodb.driver.cluster [main] Cluster created with settings {hosts=[127.0.0.1:27017], srvHost=animelist-pczil.mongodb.net, mode=MULTIPLE, requiredClusterType=REPLICA_SET, serverSelectionTimeout='30000 ms', maxWaitQueueSize=500, requiredReplicaSetName='AnimeList-shard-0'}
2020-06-13 17:02:33,558 WARN org.springframework.data.mongodb.core.index.MongoPersistentEntityIndexCreator [main] Automatic index creation will be disabled by default as of Spring Data MongoDB 3.x.
	Please use 'MongoMappingContext#setAutoIndexCreation(boolean)' or override 'MongoConfigurationSupport#autoIndexCreation()' to be explicit.
	However, we recommend setting up indices manually in an application ready block. You may use index derivation there as well.

	> -----------------------------------------------------------------------------------------
	> @EventListener(ApplicationReadyEvent.class)
	> public void initIndicesAfterStartup() {
	>
	>     IndexOperations indexOps = mongoTemplate.indexOps(DomainType.class);
	>
	>     IndexResolver resolver = new MongoPersistentEntityIndexResolver(mongoMappingContext);
	>     resolver.resolveIndexFor(DomainType.class).forEach(indexOps::ensureIndex);
	> }
	> -----------------------------------------------------------------------------------------

2020-06-13 17:02:33,578 INFO org.mongodb.driver.cluster [main] Cluster description not yet available. Waiting for 30000 ms before timing out
2020-06-13 17:02:34,385 INFO org.mongodb.driver.cluster [cluster-ClusterId{value='5ee4b95140358c4af2a6aa31', description='null'}-srv-animelist-pczil.mongodb.net] Adding discovered server animelist-shard-00-01-pczil.mongodb.net:27017 to client view of cluster
2020-06-13 17:02:34,406 INFO org.mongodb.driver.cluster [cluster-ClusterId{value='5ee4b95140358c4af2a6aa31', description='null'}-srv-animelist-pczil.mongodb.net] Adding discovered server animelist-shard-00-00-pczil.mongodb.net:27017 to client view of cluster
2020-06-13 17:02:34,407 INFO org.mongodb.driver.cluster [cluster-ClusterId{value='5ee4b95140358c4af2a6aa31', description='null'}-srv-animelist-pczil.mongodb.net] Adding discovered server animelist-shard-00-02-pczil.mongodb.net:27017 to client view of cluster
2020-06-13 17:02:34,410 INFO org.mongodb.driver.cluster [main] No server chosen by com.mongodb.client.internal.MongoClientDelegate$1@7d0cc890 from cluster description ClusterDescription{type=REPLICA_SET, connectionMode=MULTIPLE, serverDescriptions=[ServerDescription{address=animelist-shard-00-01-pczil.mongodb.net:27017, type=UNKNOWN, state=CONNECTING}, ServerDescription{address=animelist-shard-00-00-pczil.mongodb.net:27017, type=UNKNOWN, state=CONNECTING}, ServerDescription{address=animelist-shard-00-02-pczil.mongodb.net:27017, type=UNKNOWN, state=CONNECTING}]}. Waiting for 30000 ms before timing out
2020-06-13 17:02:35,740 INFO org.mongodb.driver.connection [cluster-ClusterId{value='5ee4b95140358c4af2a6aa31', description='null'}-animelist-shard-00-00-pczil.mongodb.net:27017] Opened connection [connectionId{localValue:2, serverValue:137145}] to animelist-shard-00-00-pczil.mongodb.net:27017
2020-06-13 17:02:35,742 INFO org.mongodb.driver.connection [cluster-ClusterId{value='5ee4b95140358c4af2a6aa31', description='null'}-animelist-shard-00-01-pczil.mongodb.net:27017] Opened connection [connectionId{localValue:1, serverValue:135100}] to animelist-shard-00-01-pczil.mongodb.net:27017
2020-06-13 17:02:35,777 INFO org.mongodb.driver.connection [cluster-ClusterId{value='5ee4b95140358c4af2a6aa31', description='null'}-animelist-shard-00-02-pczil.mongodb.net:27017] Opened connection [connectionId{localValue:3, serverValue:170340}] to animelist-shard-00-02-pczil.mongodb.net:27017
2020-06-13 17:02:35,978 INFO org.mongodb.driver.cluster [cluster-ClusterId{value='5ee4b95140358c4af2a6aa31', description='null'}-animelist-shard-00-00-pczil.mongodb.net:27017] Monitor thread successfully connected to server with description ServerDescription{address=animelist-shard-00-00-pczil.mongodb.net:27017, type=REPLICA_SET_SECONDARY, state=CONNECTED, ok=true, version=ServerVersion{versionList=[4, 2, 6]}, minWireVersion=0, maxWireVersion=8, maxDocumentSize=16777216, logicalSessionTimeoutMinutes=30, roundTripTimeNanos=234654200, setName='AnimeList-shard-0', canonicalAddress=animelist-shard-00-00-pczil.mongodb.net:27017, hosts=[animelist-shard-00-01-pczil.mongodb.net:27017, animelist-shard-00-00-pczil.mongodb.net:27017, animelist-shard-00-02-pczil.mongodb.net:27017], passives=[], arbiters=[], primary='animelist-shard-00-02-pczil.mongodb.net:27017', tagSet=TagSet{[Tag{name='nodeType', value='ELECTABLE'}, Tag{name='provider', value='AWS'}, Tag{name='region', value='US_EAST_1'}]}, electionId=null, setVersion=3, lastWriteDate=Sat Jun 13 17:02:31 IST 2020, lastUpdateTimeNanos=254537911405300}
2020-06-13 17:02:35,984 INFO org.mongodb.driver.cluster [cluster-ClusterId{value='5ee4b95140358c4af2a6aa31', description='null'}-animelist-shard-00-01-pczil.mongodb.net:27017] Monitor thread successfully connected to server with description ServerDescription{address=animelist-shard-00-01-pczil.mongodb.net:27017, type=REPLICA_SET_SECONDARY, state=CONNECTED, ok=true, version=ServerVersion{versionList=[4, 2, 6]}, minWireVersion=0, maxWireVersion=8, maxDocumentSize=16777216, logicalSessionTimeoutMinutes=30, roundTripTimeNanos=240273800, setName='AnimeList-shard-0', canonicalAddress=animelist-shard-00-01-pczil.mongodb.net:27017, hosts=[animelist-shard-00-01-pczil.mongodb.net:27017, animelist-shard-00-00-pczil.mongodb.net:27017, animelist-shard-00-02-pczil.mongodb.net:27017], passives=[], arbiters=[], primary='animelist-shard-00-02-pczil.mongodb.net:27017', tagSet=TagSet{[Tag{name='nodeType', value='ELECTABLE'}, Tag{name='provider', value='AWS'}, Tag{name='region', value='US_EAST_1'}]}, electionId=null, setVersion=3, lastWriteDate=Sat Jun 13 17:02:31 IST 2020, lastUpdateTimeNanos=254537918433700}
2020-06-13 17:02:35,992 INFO org.mongodb.driver.cluster [main] No server chosen by WritableServerSelector from cluster description ClusterDescription{type=REPLICA_SET, connectionMode=MULTIPLE, serverDescriptions=[ServerDescription{address=animelist-shard-00-01-pczil.mongodb.net:27017, type=REPLICA_SET_SECONDARY, state=CONNECTED, ok=true, version=ServerVersion{versionList=[4, 2, 6]}, minWireVersion=0, maxWireVersion=8, maxDocumentSize=16777216, logicalSessionTimeoutMinutes=30, roundTripTimeNanos=240273800, setName='AnimeList-shard-0', canonicalAddress=animelist-shard-00-01-pczil.mongodb.net:27017, hosts=[animelist-shard-00-01-pczil.mongodb.net:27017, animelist-shard-00-00-pczil.mongodb.net:27017, animelist-shard-00-02-pczil.mongodb.net:27017], passives=[], arbiters=[], primary='animelist-shard-00-02-pczil.mongodb.net:27017', tagSet=TagSet{[Tag{name='nodeType', value='ELECTABLE'}, Tag{name='provider', value='AWS'}, Tag{name='region', value='US_EAST_1'}]}, electionId=null, setVersion=3, lastWriteDate=Sat Jun 13 17:02:31 IST 2020, lastUpdateTimeNanos=254537918433700}, ServerDescription{address=animelist-shard-00-00-pczil.mongodb.net:27017, type=REPLICA_SET_SECONDARY, state=CONNECTED, ok=true, version=ServerVersion{versionList=[4, 2, 6]}, minWireVersion=0, maxWireVersion=8, maxDocumentSize=16777216, logicalSessionTimeoutMinutes=30, roundTripTimeNanos=234654200, setName='AnimeList-shard-0', canonicalAddress=animelist-shard-00-00-pczil.mongodb.net:27017, hosts=[animelist-shard-00-01-pczil.mongodb.net:27017, animelist-shard-00-00-pczil.mongodb.net:27017, animelist-shard-00-02-pczil.mongodb.net:27017], passives=[], arbiters=[], primary='animelist-shard-00-02-pczil.mongodb.net:27017', tagSet=TagSet{[Tag{name='nodeType', value='ELECTABLE'}, Tag{name='provider', value='AWS'}, Tag{name='region', value='US_EAST_1'}]}, electionId=null, setVersion=3, lastWriteDate=Sat Jun 13 17:02:31 IST 2020, lastUpdateTimeNanos=254537911405300}, ServerDescription{address=animelist-shard-00-02-pczil.mongodb.net:27017, type=UNKNOWN, state=CONNECTING}]}. Waiting for 30000 ms before timing out
2020-06-13 17:02:36,025 INFO org.mongodb.driver.cluster [cluster-ClusterId{value='5ee4b95140358c4af2a6aa31', description='null'}-animelist-shard-00-02-pczil.mongodb.net:27017] Monitor thread successfully connected to server with description ServerDescription{address=animelist-shard-00-02-pczil.mongodb.net:27017, type=REPLICA_SET_PRIMARY, state=CONNECTED, ok=true, version=ServerVersion{versionList=[4, 2, 6]}, minWireVersion=0, maxWireVersion=8, maxDocumentSize=16777216, logicalSessionTimeoutMinutes=30, roundTripTimeNanos=246872300, setName='AnimeList-shard-0', canonicalAddress=animelist-shard-00-02-pczil.mongodb.net:27017, hosts=[animelist-shard-00-01-pczil.mongodb.net:27017, animelist-shard-00-00-pczil.mongodb.net:27017, animelist-shard-00-02-pczil.mongodb.net:27017], passives=[], arbiters=[], primary='animelist-shard-00-02-pczil.mongodb.net:27017', tagSet=TagSet{[Tag{name='nodeType', value='ELECTABLE'}, Tag{name='provider', value='AWS'}, Tag{name='region', value='US_EAST_1'}]}, electionId=7fffffff0000000000000008, setVersion=3, lastWriteDate=Sat Jun 13 17:02:31 IST 2020, lastUpdateTimeNanos=254537959111500}
2020-06-13 17:02:36,025 INFO org.mongodb.driver.cluster [cluster-ClusterId{value='5ee4b95140358c4af2a6aa31', description='null'}-animelist-shard-00-02-pczil.mongodb.net:27017] Setting max election id to 7fffffff0000000000000008 from replica set primary animelist-shard-00-02-pczil.mongodb.net:27017
2020-06-13 17:02:36,025 INFO org.mongodb.driver.cluster [cluster-ClusterId{value='5ee4b95140358c4af2a6aa31', description='null'}-animelist-shard-00-02-pczil.mongodb.net:27017] Setting max set version to 3 from replica set primary animelist-shard-00-02-pczil.mongodb.net:27017
2020-06-13 17:02:36,025 INFO org.mongodb.driver.cluster [cluster-ClusterId{value='5ee4b95140358c4af2a6aa31', description='null'}-animelist-shard-00-02-pczil.mongodb.net:27017] Discovered replica set primary animelist-shard-00-02-pczil.mongodb.net:27017
2020-06-13 17:02:37,801 INFO org.mongodb.driver.connection [main] Opened connection [connectionId{localValue:4, serverValue:170340}] to animelist-shard-00-02-pczil.mongodb.net:27017
2020-06-13 17:02:38,242 INFO org.springframework.scheduling.concurrent.ThreadPoolTaskExecutor [main] Initializing ExecutorService 'applicationTaskExecutor'
2020-06-13 17:02:38,372 INFO org.apache.coyote.http11.Http11NioProtocol [main] Starting ProtocolHandler ["http-nio-8080"]
2020-06-13 17:02:38,389 INFO org.springframework.boot.web.embedded.tomcat.TomcatWebServer [main] Tomcat started on port(s): 8080 (http) with context path ''
2020-06-13 17:02:38,391 INFO com.animerepo.AnimerepoApplication [main] Started AnimerepoApplication in 7.77 seconds (JVM running for 8.588)
2020-06-13 17:02:42,794 INFO org.apache.catalina.core.ContainerBase.[Tomcat].[localhost].[/] [http-nio-8080-exec-1] Initializing Spring DispatcherServlet 'dispatcherServlet'
2020-06-13 17:02:42,794 INFO org.springframework.web.servlet.DispatcherServlet [http-nio-8080-exec-1] Initializing Servlet 'dispatcherServlet'
2020-06-13 17:02:42,800 INFO org.springframework.web.servlet.DispatcherServlet [http-nio-8080-exec-1] Completed initialization in 6 ms
2020-06-13 17:18:26,546 INFO org.mongodb.driver.cluster [cluster-ClusterId{value='5ee4b95140358c4af2a6aa31', description='null'}-animelist-shard-00-02-pczil.mongodb.net:27017] Exception in monitor thread while connecting to server animelist-shard-00-02-pczil.mongodb.net:27017
com.mongodb.MongoSocketException: animelist-shard-00-02-pczil.mongodb.net
	at com.mongodb.ServerAddress.getSocketAddresses(ServerAddress.java:211)
	at com.mongodb.internal.connection.SocketStream.initializeSocket(SocketStream.java:75)
	at com.mongodb.internal.connection.SocketStream.open(SocketStream.java:65)
	at com.mongodb.internal.connection.InternalStreamConnection.open(InternalStreamConnection.java:128)
	at com.mongodb.internal.connection.DefaultServerMonitor$ServerMonitorRunnable.run(DefaultServerMonitor.java:131)
	at java.lang.Thread.run(Unknown Source)
Caused by: java.net.UnknownHostException: animelist-shard-00-02-pczil.mongodb.net
	at java.net.Inet6AddressImpl.lookupAllHostAddr(Native Method)
	at java.net.InetAddress$2.lookupAllHostAddr(Unknown Source)
	at java.net.InetAddress.getAddressesFromNameService(Unknown Source)
	at java.net.InetAddress.getAllByName0(Unknown Source)
	at java.net.InetAddress.getAllByName(Unknown Source)
	at java.net.InetAddress.getAllByName(Unknown Source)
	at com.mongodb.ServerAddress.getSocketAddresses(ServerAddress.java:203)
	... 5 common frames omitted
2020-06-13 17:18:26,546 INFO org.mongodb.driver.cluster [cluster-ClusterId{value='5ee4b95140358c4af2a6aa31', description='null'}-animelist-shard-00-01-pczil.mongodb.net:27017] Exception in monitor thread while connecting to server animelist-shard-00-01-pczil.mongodb.net:27017
com.mongodb.MongoSocketException: animelist-shard-00-01-pczil.mongodb.net
	at com.mongodb.ServerAddress.getSocketAddresses(ServerAddress.java:211)
	at com.mongodb.internal.connection.SocketStream.initializeSocket(SocketStream.java:75)
	at com.mongodb.internal.connection.SocketStream.open(SocketStream.java:65)
	at com.mongodb.internal.connection.InternalStreamConnection.open(InternalStreamConnection.java:128)
	at com.mongodb.internal.connection.DefaultServerMonitor$ServerMonitorRunnable.run(DefaultServerMonitor.java:131)
	at java.lang.Thread.run(Unknown Source)
Caused by: java.net.UnknownHostException: animelist-shard-00-01-pczil.mongodb.net
	at java.net.Inet6AddressImpl.lookupAllHostAddr(Native Method)
	at java.net.InetAddress$2.lookupAllHostAddr(Unknown Source)
	at java.net.InetAddress.getAddressesFromNameService(Unknown Source)
	at java.net.InetAddress.getAllByName0(Unknown Source)
	at java.net.InetAddress.getAllByName(Unknown Source)
	at java.net.InetAddress.getAllByName(Unknown Source)
	at com.mongodb.ServerAddress.getSocketAddresses(ServerAddress.java:203)
	... 5 common frames omitted
2020-06-13 17:18:26,546 INFO org.mongodb.driver.cluster [cluster-ClusterId{value='5ee4b95140358c4af2a6aa31', description='null'}-animelist-shard-00-00-pczil.mongodb.net:27017] Exception in monitor thread while connecting to server animelist-shard-00-00-pczil.mongodb.net:27017
com.mongodb.MongoSocketException: animelist-shard-00-00-pczil.mongodb.net
	at com.mongodb.ServerAddress.getSocketAddresses(ServerAddress.java:211)
	at com.mongodb.internal.connection.SocketStream.initializeSocket(SocketStream.java:75)
	at com.mongodb.internal.connection.SocketStream.open(SocketStream.java:65)
	at com.mongodb.internal.connection.InternalStreamConnection.open(InternalStreamConnection.java:128)
	at com.mongodb.internal.connection.DefaultServerMonitor$ServerMonitorRunnable.run(DefaultServerMonitor.java:131)
	at java.lang.Thread.run(Unknown Source)
Caused by: java.net.UnknownHostException: animelist-shard-00-00-pczil.mongodb.net
	at java.net.Inet6AddressImpl.lookupAllHostAddr(Native Method)
	at java.net.InetAddress$2.lookupAllHostAddr(Unknown Source)
	at java.net.InetAddress.getAddressesFromNameService(Unknown Source)
	at java.net.InetAddress.getAllByName0(Unknown Source)
	at java.net.InetAddress.getAllByName(Unknown Source)
	at java.net.InetAddress.getAllByName(Unknown Source)
	at com.mongodb.ServerAddress.getSocketAddresses(ServerAddress.java:203)
	... 5 common frames omitted
2020-06-13 17:19:00,877 INFO org.mongodb.driver.connection [cluster-ClusterId{value='5ee4b95140358c4af2a6aa31', description='null'}-animelist-shard-00-01-pczil.mongodb.net:27017] Opened connection [connectionId{localValue:14, serverValue:132453}] to animelist-shard-00-01-pczil.mongodb.net:27017
2020-06-13 17:19:00,878 INFO org.mongodb.driver.connection [cluster-ClusterId{value='5ee4b95140358c4af2a6aa31', description='null'}-animelist-shard-00-00-pczil.mongodb.net:27017] Opened connection [connectionId{localValue:15, serverValue:137148}] to animelist-shard-00-00-pczil.mongodb.net:27017
2020-06-13 17:19:00,878 INFO org.mongodb.driver.connection [cluster-ClusterId{value='5ee4b95140358c4af2a6aa31', description='null'}-animelist-shard-00-02-pczil.mongodb.net:27017] Opened connection [connectionId{localValue:16, serverValue:172119}] to animelist-shard-00-02-pczil.mongodb.net:27017
2020-06-13 17:19:01,105 INFO org.mongodb.driver.cluster [cluster-ClusterId{value='5ee4b95140358c4af2a6aa31', description='null'}-animelist-shard-00-01-pczil.mongodb.net:27017] Monitor thread successfully connected to server with description ServerDescription{address=animelist-shard-00-01-pczil.mongodb.net:27017, type=REPLICA_SET_SECONDARY, state=CONNECTED, ok=true, version=ServerVersion{versionList=[4, 2, 6]}, minWireVersion=0, maxWireVersion=8, maxDocumentSize=16777216, logicalSessionTimeoutMinutes=30, roundTripTimeNanos=227423100, setName='AnimeList-shard-0', canonicalAddress=animelist-shard-00-01-pczil.mongodb.net:27017, hosts=[animelist-shard-00-01-pczil.mongodb.net:27017, animelist-shard-00-00-pczil.mongodb.net:27017, animelist-shard-00-02-pczil.mongodb.net:27017], passives=[], arbiters=[], primary='animelist-shard-00-02-pczil.mongodb.net:27017', tagSet=TagSet{[Tag{name='nodeType', value='ELECTABLE'}, Tag{name='provider', value='AWS'}, Tag{name='region', value='US_EAST_1'}]}, electionId=null, setVersion=3, lastWriteDate=Sat Jun 13 17:18:53 IST 2020, lastUpdateTimeNanos=255523039535300}
2020-06-13 17:19:01,105 INFO org.mongodb.driver.cluster [cluster-ClusterId{value='5ee4b95140358c4af2a6aa31', description='null'}-animelist-shard-00-00-pczil.mongodb.net:27017] Monitor thread successfully connected to server with description ServerDescription{address=animelist-shard-00-00-pczil.mongodb.net:27017, type=REPLICA_SET_SECONDARY, state=CONNECTED, ok=true, version=ServerVersion{versionList=[4, 2, 6]}, minWireVersion=0, maxWireVersion=8, maxDocumentSize=16777216, logicalSessionTimeoutMinutes=30, roundTripTimeNanos=227004600, setName='AnimeList-shard-0', canonicalAddress=animelist-shard-00-00-pczil.mongodb.net:27017, hosts=[animelist-shard-00-01-pczil.mongodb.net:27017, animelist-shard-00-00-pczil.mongodb.net:27017, animelist-shard-00-02-pczil.mongodb.net:27017], passives=[], arbiters=[], primary='animelist-shard-00-02-pczil.mongodb.net:27017', tagSet=TagSet{[Tag{name='nodeType', value='ELECTABLE'}, Tag{name='provider', value='AWS'}, Tag{name='region', value='US_EAST_1'}]}, electionId=null, setVersion=3, lastWriteDate=Sat Jun 13 17:18:53 IST 2020, lastUpdateTimeNanos=255523039647500}
2020-06-13 17:19:01,133 INFO org.mongodb.driver.cluster [cluster-ClusterId{value='5ee4b95140358c4af2a6aa31', description='null'}-animelist-shard-00-02-pczil.mongodb.net:27017] Monitor thread successfully connected to server with description ServerDescription{address=animelist-shard-00-02-pczil.mongodb.net:27017, type=REPLICA_SET_PRIMARY, state=CONNECTED, ok=true, version=ServerVersion{versionList=[4, 2, 6]}, minWireVersion=0, maxWireVersion=8, maxDocumentSize=16777216, logicalSessionTimeoutMinutes=30, roundTripTimeNanos=254709900, setName='AnimeList-shard-0', canonicalAddress=animelist-shard-00-02-pczil.mongodb.net:27017, hosts=[animelist-shard-00-01-pczil.mongodb.net:27017, animelist-shard-00-00-pczil.mongodb.net:27017, animelist-shard-00-02-pczil.mongodb.net:27017], passives=[], arbiters=[], primary='animelist-shard-00-02-pczil.mongodb.net:27017', tagSet=TagSet{[Tag{name='nodeType', value='ELECTABLE'}, Tag{name='provider', value='AWS'}, Tag{name='region', value='US_EAST_1'}]}, electionId=7fffffff0000000000000008, setVersion=3, lastWriteDate=Sat Jun 13 17:18:53 IST 2020, lastUpdateTimeNanos=255523067555400}
2020-06-13 17:19:01,134 INFO org.mongodb.driver.cluster [cluster-ClusterId{value='5ee4b95140358c4af2a6aa31', description='null'}-animelist-shard-00-02-pczil.mongodb.net:27017] Discovered replica set primary animelist-shard-00-02-pczil.mongodb.net:27017
2020-06-13 17:20:16,558 INFO org.mongodb.driver.connection [http-nio-8080-exec-1] Closed connection [connectionId{localValue:4, serverValue:170340}] to animelist-shard-00-02-pczil.mongodb.net:27017 because there was a socket exception raised on another connection from this pool.
2020-06-13 17:20:18,509 INFO org.mongodb.driver.connection [http-nio-8080-exec-1] Opened connection [connectionId{localValue:17, serverValue:172115}] to animelist-shard-00-02-pczil.mongodb.net:27017
2020-06-13 17:27:43,926 INFO org.mongodb.driver.connection [http-nio-8080-exec-9] Opened connection [connectionId{localValue:18, serverValue:166470}] to animelist-shard-00-02-pczil.mongodb.net:27017
2020-06-13 17:30:57,226 INFO org.springframework.boot.admin.SpringApplicationAdminMXBeanRegistrar$SpringApplicationAdmin [RMI TCP Connection(37)-127.0.0.1] Application shutdown requested.
2020-06-13 17:30:57,228 INFO org.springframework.scheduling.concurrent.ThreadPoolTaskExecutor [RMI TCP Connection(37)-127.0.0.1] Shutting down ExecutorService 'applicationTaskExecutor'
2020-06-13 17:30:57,460 INFO org.mongodb.driver.connection [RMI TCP Connection(37)-127.0.0.1] Closed connection [connectionId{localValue:17, serverValue:172115}] to animelist-shard-00-02-pczil.mongodb.net:27017 because the pool has been closed.
2020-06-13 17:30:57,460 INFO org.mongodb.driver.connection [RMI TCP Connection(37)-127.0.0.1] Closed connection [connectionId{localValue:18, serverValue:166470}] to animelist-shard-00-02-pczil.mongodb.net:27017 because the pool has been closed.
